<?xml version="1.0" encoding="UTF-8"?>
<!-- Generated by org.testng.reporters.JUnitReportReporter -->
<testsuite hostname="DESKTOP-I3JMF1G" failures="0" tests="1" name="Joinus.joinus_script" time="21.254" errors="0" timestamp="2023-07-18T11:04:58 IST" skipped="0">
  <testcase classname="Joinus.joinus_script" name="verify" time="21.254"/>
  <system-out/>
</testsuite> <!-- Joinus.joinus_script -->
